{"/Users/kevin/projects/spot/src/db/database.ts": {"path":"/Users/kevin/projects/spot/src/db/database.ts","statementMap":{"0":{"start":{"line":31,"column":16},"end":{"line":31,"column":25}},"1":{"start":{"line":33,"column":47},"end":{"line":33,"column":51}},"2":{"start":{"line":36,"column":2},"end":{"line":36,"column":36}},"3":{"start":{"line":36,"column":18},"end":{"line":36,"column":36}},"4":{"start":{"line":37,"column":2},"end":{"line":37,"column":55}},"5":{"start":{"line":38,"column":2},"end":{"line":38,"column":55}},"6":{"start":{"line":39,"column":2},"end":{"line":39,"column":56}},"7":{"start":{"line":40,"column":2},"end":{"line":40,"column":61}},"8":{"start":{"line":41,"column":2},"end":{"line":41,"column":63}},"9":{"start":{"line":42,"column":2},"end":{"line":42,"column":61}},"10":{"start":{"line":44,"column":2},"end":{"line":46,"column":12}},"11":{"start":{"line":45,"column":4},"end":{"line":45,"column":64}},"12":{"start":{"line":47,"column":2},"end":{"line":49,"column":12}},"13":{"start":{"line":48,"column":4},"end":{"line":48,"column":62}},"14":{"start":{"line":50,"column":2},"end":{"line":52,"column":12}},"15":{"start":{"line":51,"column":4},"end":{"line":51,"column":70}},"16":{"start":{"line":53,"column":2},"end":{"line":53,"column":20}},"17":{"start":{"line":61,"column":13},"end":{"line":61,"column":32}},"18":{"start":{"line":62,"column":2},"end":{"line":93,"column":4}},"19":{"start":{"line":99,"column":13},"end":{"line":99,"column":32}},"20":{"start":{"line":100,"column":2},"end":{"line":111,"column":4}},"21":{"start":{"line":115,"column":13},"end":{"line":115,"column":32}},"22":{"start":{"line":116,"column":2},"end":{"line":116,"column":67}},"23":{"start":{"line":120,"column":13},"end":{"line":120,"column":32}},"24":{"start":{"line":121,"column":2},"end":{"line":123,"column":5}},"25":{"start":{"line":127,"column":13},"end":{"line":127,"column":32}},"26":{"start":{"line":128,"column":2},"end":{"line":128,"column":72}},"27":{"start":{"line":132,"column":13},"end":{"line":132,"column":32}},"28":{"start":{"line":133,"column":15},"end":{"line":135,"column":3}},"29":{"start":{"line":136,"column":2},"end":{"line":136,"column":31}},"30":{"start":{"line":136,"column":25},"end":{"line":136,"column":29}},"31":{"start":{"line":144,"column":13},"end":{"line":144,"column":32}},"32":{"start":{"line":145,"column":2},"end":{"line":155,"column":3}},"33":{"start":{"line":146,"column":4},"end":{"line":149,"column":6}},"34":{"start":{"line":151,"column":4},"end":{"line":154,"column":7}},"35":{"start":{"line":161,"column":13},"end":{"line":161,"column":32}},"36":{"start":{"line":162,"column":15},"end":{"line":171,"column":3}},"37":{"start":{"line":172,"column":2},"end":{"line":172,"column":14}},"38":{"start":{"line":179,"column":13},"end":{"line":179,"column":32}},"39":{"start":{"line":180,"column":14},"end":{"line":183,"column":3}},"40":{"start":{"line":184,"column":2},"end":{"line":184,"column":29}},"41":{"start":{"line":188,"column":13},"end":{"line":188,"column":32}},"42":{"start":{"line":189,"column":15},"end":{"line":192,"column":3}},"43":{"start":{"line":193,"column":2},"end":{"line":193,"column":31}},"44":{"start":{"line":193,"column":25},"end":{"line":193,"column":29}},"45":{"start":{"line":203,"column":13},"end":{"line":203,"column":32}},"46":{"start":{"line":204,"column":14},"end":{"line":214,"column":4}},"47":{"start":{"line":215,"column":2},"end":{"line":215,"column":21}},"48":{"start":{"line":221,"column":13},"end":{"line":221,"column":32}},"49":{"start":{"line":222,"column":14},"end":{"line":225,"column":3}},"50":{"start":{"line":226,"column":2},"end":{"line":226,"column":21}},"51":{"start":{"line":234,"column":13},"end":{"line":234,"column":32}},"52":{"start":{"line":235,"column":2},"end":{"line":249,"column":4}},"53":{"start":{"line":258,"column":24},"end":{"line":258,"column":79}},"54":{"start":{"line":261,"column":2},"end":{"line":261,"column":45}},"55":{"start":{"line":265,"column":32},"end":{"line":265,"column":47}},"56":{"start":{"line":266,"column":36},"end":{"line":266,"column":65}},"57":{"start":{"line":267,"column":34},"end":{"line":267,"column":49}},"58":{"start":{"line":269,"column":23},"end":{"line":285,"column":8}},"59":{"start":{"line":270,"column":4},"end":{"line":270,"column":23}},"60":{"start":{"line":271,"column":4},"end":{"line":271,"column":22}},"61":{"start":{"line":272,"column":4},"end":{"line":284,"column":5}},"62":{"start":{"line":274,"column":6},"end":{"line":274,"column":24}},"63":{"start":{"line":275,"column":6},"end":{"line":275,"column":26}},"64":{"start":{"line":276,"column":6},"end":{"line":276,"column":23}},"65":{"start":{"line":278,"column":6},"end":{"line":278,"column":64}},"66":{"start":{"line":279,"column":6},"end":{"line":281,"column":8}},"67":{"start":{"line":283,"column":6},"end":{"line":283,"column":25}},"68":{"start":{"line":287,"column":2},"end":{"line":289,"column":21}},"69":{"start":{"line":288,"column":4},"end":{"line":288,"column":19}},"70":{"start":{"line":291,"column":17},"end":{"line":291,"column":32}},"71":{"start":{"line":293,"column":2},"end":{"line":334,"column":3}},"72":{"start":{"line":294,"column":4},"end":{"line":333,"column":6}},"73":{"start":{"line":336,"column":2},"end":{"line":340,"column":4}},"74":{"start":{"line":343,"column":22},"end":{"line":378,"column":2}}},"fnMap":{"0":{"name":"getDatabase","decl":{"start":{"line":35,"column":22},"end":{"line":35,"column":33}},"loc":{"start":{"line":35,"column":68},"end":{"line":54,"column":1}},"line":35},"1":{"name":"upsertLocalPlaceCache","decl":{"start":{"line":58,"column":22},"end":{"line":58,"column":43}},"loc":{"start":{"line":60,"column":17},"end":{"line":94,"column":1}},"line":60},"2":{"name":"insertLocalSavedPlace","decl":{"start":{"line":96,"column":22},"end":{"line":96,"column":43}},"loc":{"start":{"line":98,"column":17},"end":{"line":112,"column":1}},"line":98},"3":{"name":"deleteLocalSavedPlace","decl":{"start":{"line":114,"column":22},"end":{"line":114,"column":43}},"loc":{"start":{"line":114,"column":71},"end":{"line":117,"column":1}},"line":114},"4":{"name":"markPendingDeletion","decl":{"start":{"line":119,"column":22},"end":{"line":119,"column":41}},"loc":{"start":{"line":119,"column":69},"end":{"line":124,"column":1}},"line":119},"5":{"name":"clearPendingDeletion","decl":{"start":{"line":126,"column":22},"end":{"line":126,"column":42}},"loc":{"start":{"line":126,"column":70},"end":{"line":129,"column":1}},"line":126},"6":{"name":"fetchPendingDeletionIds","decl":{"start":{"line":131,"column":22},"end":{"line":131,"column":45}},"loc":{"start":{"line":131,"column":67},"end":{"line":137,"column":1}},"line":131},"7":{"name":"(anonymous_7)","decl":{"start":{"line":136,"column":18},"end":{"line":136,"column":19}},"loc":{"start":{"line":136,"column":25},"end":{"line":136,"column":29}},"line":136},"8":{"name":"updateLocalSavedPlaceNote","decl":{"start":{"line":139,"column":22},"end":{"line":139,"column":47}},"loc":{"start":{"line":143,"column":17},"end":{"line":156,"column":1}},"line":143},"9":{"name":"fetchLocalSavedPlaces","decl":{"start":{"line":158,"column":22},"end":{"line":158,"column":43}},"loc":{"start":{"line":160,"column":30},"end":{"line":173,"column":1}},"line":160},"10":{"name":"isDuplicatePlace","decl":{"start":{"line":175,"column":22},"end":{"line":175,"column":38}},"loc":{"start":{"line":178,"column":20},"end":{"line":185,"column":1}},"line":178},"11":{"name":"fetchLocalPlaceIds","decl":{"start":{"line":187,"column":22},"end":{"line":187,"column":40}},"loc":{"start":{"line":187,"column":76},"end":{"line":194,"column":1}},"line":187},"12":{"name":"(anonymous_12)","decl":{"start":{"line":193,"column":18},"end":{"line":193,"column":19}},"loc":{"start":{"line":193,"column":25},"end":{"line":193,"column":29}},"line":193},"13":{"name":"getLocalSavedPlaceForSync","decl":{"start":{"line":196,"column":22},"end":{"line":196,"column":47}},"loc":{"start":{"line":202,"column":2},"end":{"line":216,"column":1}},"line":202},"14":{"name":"getLocalPlaceCacheForSync","decl":{"start":{"line":218,"column":22},"end":{"line":218,"column":47}},"loc":{"start":{"line":220,"column":33},"end":{"line":227,"column":1}},"line":220},"15":{"name":"upsertLocalSavedPlace","decl":{"start":{"line":231,"column":22},"end":{"line":231,"column":43}},"loc":{"start":{"line":233,"column":17},"end":{"line":250,"column":1}},"line":233},"16":{"name":"useDatabaseReady","decl":{"start":{"line":260,"column":16},"end":{"line":260,"column":32}},"loc":{"start":{"line":260,"column":44},"end":{"line":262,"column":1}},"line":260},"17":{"name":"DatabaseProvider","decl":{"start":{"line":264,"column":16},"end":{"line":264,"column":32}},"loc":{"start":{"line":264,"column":78},"end":{"line":341,"column":1}},"line":264},"18":{"name":"(anonymous_18)","decl":{"start":{"line":269,"column":35},"end":{"line":269,"column":36}},"loc":{"start":{"line":269,"column":47},"end":{"line":285,"column":3}},"line":269},"19":{"name":"(anonymous_19)","decl":{"start":{"line":287,"column":12},"end":{"line":287,"column":13}},"loc":{"start":{"line":287,"column":18},"end":{"line":289,"column":3}},"line":287}},"branchMap":{"0":{"loc":{"start":{"line":36,"column":2},"end":{"line":36,"column":36}},"type":"if","locations":[{"start":{"line":36,"column":2},"end":{"line":36,"column":36}},{"start":{},"end":{}}],"line":36},"1":{"loc":{"start":{"line":89,"column":6},"end":{"line":89,"column":27}},"type":"binary-expr","locations":[{"start":{"line":89,"column":6},"end":{"line":89,"column":19}},{"start":{"line":89,"column":23},"end":{"line":89,"column":27}}],"line":89},"2":{"loc":{"start":{"line":90,"column":6},"end":{"line":90,"column":32}},"type":"binary-expr","locations":[{"start":{"line":90,"column":6},"end":{"line":90,"column":24}},{"start":{"line":90,"column":28},"end":{"line":90,"column":32}}],"line":90},"3":{"loc":{"start":{"line":91,"column":6},"end":{"line":91,"column":33}},"type":"binary-expr","locations":[{"start":{"line":91,"column":6},"end":{"line":91,"column":25}},{"start":{"line":91,"column":29},"end":{"line":91,"column":33}}],"line":91},"4":{"loc":{"start":{"line":145,"column":2},"end":{"line":155,"column":3}},"type":"if","locations":[{"start":{"line":145,"column":2},"end":{"line":155,"column":3}},{"start":{"line":150,"column":9},"end":{"line":155,"column":3}}],"line":145},"5":{"loc":{"start":{"line":184,"column":10},"end":{"line":184,"column":23}},"type":"binary-expr","locations":[{"start":{"line":184,"column":10},"end":{"line":184,"column":18}},{"start":{"line":184,"column":22},"end":{"line":184,"column":23}}],"line":184},"6":{"loc":{"start":{"line":215,"column":9},"end":{"line":215,"column":20}},"type":"binary-expr","locations":[{"start":{"line":215,"column":9},"end":{"line":215,"column":12}},{"start":{"line":215,"column":16},"end":{"line":215,"column":20}}],"line":215},"7":{"loc":{"start":{"line":226,"column":9},"end":{"line":226,"column":20}},"type":"binary-expr","locations":[{"start":{"line":226,"column":9},"end":{"line":226,"column":12}},{"start":{"line":226,"column":16},"end":{"line":226,"column":20}}],"line":226},"8":{"loc":{"start":{"line":280,"column":8},"end":{"line":280,"column":73}},"type":"cond-expr","locations":[{"start":{"line":280,"column":33},"end":{"line":280,"column":46}},{"start":{"line":280,"column":49},"end":{"line":280,"column":73}}],"line":280},"9":{"loc":{"start":{"line":293,"column":2},"end":{"line":334,"column":3}},"type":"if","locations":[{"start":{"line":293,"column":2},"end":{"line":334,"column":3}},{"start":{},"end":{}}],"line":293},"10":{"loc":{"start":{"line":325,"column":8},"end":{"line":331,"column":13}},"type":"cond-expr","locations":[{"start":{"line":326,"column":12},"end":{"line":326,"column":72}},{"start":{"line":327,"column":12},"end":{"line":331,"column":13}}],"line":325}},"s":{"0":1,"1":1,"2":0,"3":0,"4":0,"5":0,"6":0,"7":0,"8":0,"9":0,"10":0,"11":0,"12":0,"13":0,"14":0,"15":0,"16":0,"17":0,"18":0,"19":0,"20":0,"21":0,"22":0,"23":0,"24":0,"25":0,"26":0,"27":0,"28":0,"29":0,"30":0,"31":0,"32":0,"33":0,"34":0,"35":0,"36":0,"37":0,"38":0,"39":0,"40":0,"41":0,"42":0,"43":0,"44":0,"45":0,"46":0,"47":0,"48":0,"49":0,"50":0,"51":0,"52":0,"53":1,"54":0,"55":0,"56":0,"57":0,"58":0,"59":0,"60":0,"61":0,"62":0,"63":0,"64":0,"65":0,"66":0,"67":0,"68":0,"69":0,"70":0,"71":0,"72":0,"73":0,"74":1},"f":{"0":0,"1":0,"2":0,"3":0,"4":0,"5":0,"6":0,"7":0,"8":0,"9":0,"10":0,"11":0,"12":0,"13":0,"14":0,"15":0,"16":0,"17":0,"18":0,"19":0},"b":{"0":[0,0],"1":[0,0],"2":[0,0],"3":[0,0],"4":[0,0],"5":[0,0],"6":[0,0],"7":[0,0],"8":[0,0],"9":[0,0],"10":[0,0]},"_coverageSchema":"1a1c01bbd47fc00a2c39e90264f33305004495a9","hash":"6bff7c9927b4af44b52b6d1f28be84ed57dd511a"}
,"/Users/kevin/projects/spot/src/db/schema.ts": {"path":"/Users/kevin/projects/spot/src/db/schema.ts","statementMap":{"0":{"start":{"line":1,"column":40},"end":{"line":14,"column":1}},"1":{"start":{"line":16,"column":41},"end":{"line":26,"column":1}},"2":{"start":{"line":28,"column":47},"end":{"line":30,"column":1}},"3":{"start":{"line":32,"column":45},"end":{"line":34,"column":1}},"4":{"start":{"line":36,"column":53},"end":{"line":38,"column":1}},"5":{"start":{"line":40,"column":46},"end":{"line":42,"column":1}},"6":{"start":{"line":44,"column":48},"end":{"line":46,"column":1}},"7":{"start":{"line":48,"column":46},"end":{"line":53,"column":1}}},"fnMap":{},"branchMap":{},"s":{"0":1,"1":1,"2":1,"3":1,"4":1,"5":1,"6":1,"7":1},"f":{},"b":{},"_coverageSchema":"1a1c01bbd47fc00a2c39e90264f33305004495a9","hash":"89aea27fad8229ba73f6419ab8c471bb2c0fd3aa"}
,"/Users/kevin/projects/spot/src/services/supabaseService.ts": {"path":"/Users/kevin/projects/spot/src/services/supabaseService.ts","statementMap":{"0":{"start":{"line":12,"column":26},"end":{"line":12,"column":58}},"1":{"start":{"line":13,"column":2},"end":{"line":13,"column":42}},"2":{"start":{"line":13,"column":30},"end":{"line":13,"column":42}},"3":{"start":{"line":14,"column":15},"end":{"line":14,"column":32}},"4":{"start":{"line":15,"column":2},"end":{"line":19,"column":4}},"5":{"start":{"line":26,"column":26},"end":{"line":30,"column":4}},"6":{"start":{"line":31,"column":2},"end":{"line":31,"column":25}},"7":{"start":{"line":31,"column":13},"end":{"line":31,"column":25}},"8":{"start":{"line":32,"column":2},"end":{"line":32,"column":22}},"9":{"start":{"line":38,"column":2},"end":{"line":38,"column":32}},"10":{"start":{"line":44,"column":20},"end":{"line":44,"column":61}},"11":{"start":{"line":45,"column":2},"end":{"line":45,"column":25}},"12":{"start":{"line":45,"column":13},"end":{"line":45,"column":25}},"13":{"start":{"line":46,"column":2},"end":{"line":46,"column":18}},"14":{"start":{"line":50,"column":20},"end":{"line":50,"column":63}},"15":{"start":{"line":51,"column":2},"end":{"line":51,"column":25}},"16":{"start":{"line":51,"column":13},"end":{"line":51,"column":25}},"17":{"start":{"line":55,"column":32},"end":{"line":55,"column":64}},"18":{"start":{"line":56,"column":2},"end":{"line":56,"column":40}},"19":{"start":{"line":56,"column":28},"end":{"line":56,"column":40}},"20":{"start":{"line":57,"column":17},"end":{"line":57,"column":44}},"21":{"start":{"line":58,"column":26},"end":{"line":62,"column":13}},"22":{"start":{"line":63,"column":2},"end":{"line":63,"column":25}},"23":{"start":{"line":63,"column":13},"end":{"line":63,"column":25}},"24":{"start":{"line":64,"column":2},"end":{"line":64,"column":29}},"25":{"start":{"line":70,"column":26},"end":{"line":73,"column":44}},"26":{"start":{"line":74,"column":2},"end":{"line":74,"column":25}},"27":{"start":{"line":74,"column":13},"end":{"line":74,"column":25}},"28":{"start":{"line":75,"column":2},"end":{"line":75,"column":41}},"29":{"start":{"line":79,"column":20},"end":{"line":79,"column":69}},"30":{"start":{"line":80,"column":2},"end":{"line":80,"column":25}},"31":{"start":{"line":80,"column":13},"end":{"line":80,"column":25}},"32":{"start":{"line":84,"column":46},"end":{"line":84,"column":65}},"33":{"start":{"line":85,"column":2},"end":{"line":87,"column":3}},"34":{"start":{"line":86,"column":4},"end":{"line":86,"column":42}},"35":{"start":{"line":88,"column":20},"end":{"line":91,"column":17}},"36":{"start":{"line":92,"column":2},"end":{"line":92,"column":25}},"37":{"start":{"line":92,"column":13},"end":{"line":92,"column":25}},"38":{"start":{"line":96,"column":20},"end":{"line":99,"column":17}},"39":{"start":{"line":100,"column":2},"end":{"line":100,"column":25}},"40":{"start":{"line":100,"column":13},"end":{"line":100,"column":25}},"41":{"start":{"line":106,"column":20},"end":{"line":106,"column":68}},"42":{"start":{"line":107,"column":2},"end":{"line":107,"column":25}},"43":{"start":{"line":107,"column":13},"end":{"line":107,"column":25}}},"fnMap":{"0":{"name":"getCurrentSession","decl":{"start":{"line":11,"column":22},"end":{"line":11,"column":39}},"loc":{"start":{"line":11,"column":71},"end":{"line":20,"column":1}},"line":11},"1":{"name":"signInWithGoogle","decl":{"start":{"line":22,"column":22},"end":{"line":22,"column":38}},"loc":{"start":{"line":25,"column":19},"end":{"line":33,"column":1}},"line":25},"2":{"name":"signOut","decl":{"start":{"line":35,"column":22},"end":{"line":35,"column":29}},"loc":{"start":{"line":35,"column":47},"end":{"line":39,"column":1}},"line":35},"3":{"name":"softDeleteAccount","decl":{"start":{"line":43,"column":22},"end":{"line":43,"column":39}},"loc":{"start":{"line":43,"column":57},"end":{"line":47,"column":1}},"line":43},"4":{"name":"cancelDeleteAccount","decl":{"start":{"line":49,"column":22},"end":{"line":49,"column":41}},"loc":{"start":{"line":49,"column":59},"end":{"line":52,"column":1}},"line":49},"5":{"name":"getUserProfile","decl":{"start":{"line":54,"column":22},"end":{"line":54,"column":36}},"loc":{"start":{"line":54,"column":68},"end":{"line":65,"column":1}},"line":54},"6":{"name":"fetchSavedPlaces","decl":{"start":{"line":69,"column":22},"end":{"line":69,"column":38}},"loc":{"start":{"line":69,"column":67},"end":{"line":76,"column":1}},"line":69},"7":{"name":"uploadSavedPlace","decl":{"start":{"line":78,"column":22},"end":{"line":78,"column":38}},"loc":{"start":{"line":78,"column":97},"end":{"line":81,"column":1}},"line":78},"8":{"name":"updateSavedPlaceNote","decl":{"start":{"line":83,"column":22},"end":{"line":83,"column":42}},"loc":{"start":{"line":83,"column":113},"end":{"line":93,"column":1}},"line":83},"9":{"name":"deleteSavedPlace","decl":{"start":{"line":95,"column":22},"end":{"line":95,"column":38}},"loc":{"start":{"line":95,"column":66},"end":{"line":101,"column":1}},"line":95},"10":{"name":"upsertPlaceCache","decl":{"start":{"line":105,"column":22},"end":{"line":105,"column":38}},"loc":{"start":{"line":105,"column":76},"end":{"line":108,"column":1}},"line":105}},"branchMap":{"0":{"loc":{"start":{"line":13,"column":2},"end":{"line":13,"column":42}},"type":"if","locations":[{"start":{"line":13,"column":2},"end":{"line":13,"column":42}},{"start":{},"end":{}}],"line":13},"1":{"loc":{"start":{"line":13,"column":6},"end":{"line":13,"column":28}},"type":"binary-expr","locations":[{"start":{"line":13,"column":6},"end":{"line":13,"column":11}},{"start":{"line":13,"column":15},"end":{"line":13,"column":28}}],"line":13},"2":{"loc":{"start":{"line":17,"column":11},"end":{"line":17,"column":29}},"type":"binary-expr","locations":[{"start":{"line":17,"column":11},"end":{"line":17,"column":21}},{"start":{"line":17,"column":25},"end":{"line":17,"column":29}}],"line":17},"3":{"loc":{"start":{"line":18,"column":14},"end":{"line":18,"column":59}},"type":"binary-expr","locations":[{"start":{"line":18,"column":15},"end":{"line":18,"column":52}},{"start":{"line":18,"column":57},"end":{"line":18,"column":59}}],"line":18},"4":{"loc":{"start":{"line":31,"column":2},"end":{"line":31,"column":25}},"type":"if","locations":[{"start":{"line":31,"column":2},"end":{"line":31,"column":25}},{"start":{},"end":{}}],"line":31},"5":{"loc":{"start":{"line":45,"column":2},"end":{"line":45,"column":25}},"type":"if","locations":[{"start":{"line":45,"column":2},"end":{"line":45,"column":25}},{"start":{},"end":{}}],"line":45},"6":{"loc":{"start":{"line":51,"column":2},"end":{"line":51,"column":25}},"type":"if","locations":[{"start":{"line":51,"column":2},"end":{"line":51,"column":25}},{"start":{},"end":{}}],"line":51},"7":{"loc":{"start":{"line":56,"column":2},"end":{"line":56,"column":40}},"type":"if","locations":[{"start":{"line":56,"column":2},"end":{"line":56,"column":40}},{"start":{},"end":{}}],"line":56},"8":{"loc":{"start":{"line":63,"column":2},"end":{"line":63,"column":25}},"type":"if","locations":[{"start":{"line":63,"column":2},"end":{"line":63,"column":25}},{"start":{},"end":{}}],"line":63},"9":{"loc":{"start":{"line":74,"column":2},"end":{"line":74,"column":25}},"type":"if","locations":[{"start":{"line":74,"column":2},"end":{"line":74,"column":25}},{"start":{},"end":{}}],"line":74},"10":{"loc":{"start":{"line":75,"column":10},"end":{"line":75,"column":20}},"type":"binary-expr","locations":[{"start":{"line":75,"column":10},"end":{"line":75,"column":14}},{"start":{"line":75,"column":18},"end":{"line":75,"column":20}}],"line":75},"11":{"loc":{"start":{"line":80,"column":2},"end":{"line":80,"column":25}},"type":"if","locations":[{"start":{"line":80,"column":2},"end":{"line":80,"column":25}},{"start":{},"end":{}}],"line":80},"12":{"loc":{"start":{"line":85,"column":2},"end":{"line":87,"column":3}},"type":"if","locations":[{"start":{"line":85,"column":2},"end":{"line":87,"column":3}},{"start":{},"end":{}}],"line":85},"13":{"loc":{"start":{"line":92,"column":2},"end":{"line":92,"column":25}},"type":"if","locations":[{"start":{"line":92,"column":2},"end":{"line":92,"column":25}},{"start":{},"end":{}}],"line":92},"14":{"loc":{"start":{"line":100,"column":2},"end":{"line":100,"column":25}},"type":"if","locations":[{"start":{"line":100,"column":2},"end":{"line":100,"column":25}},{"start":{},"end":{}}],"line":100},"15":{"loc":{"start":{"line":107,"column":2},"end":{"line":107,"column":25}},"type":"if","locations":[{"start":{"line":107,"column":2},"end":{"line":107,"column":25}},{"start":{},"end":{}}],"line":107}},"s":{"0":0,"1":0,"2":0,"3":0,"4":0,"5":0,"6":0,"7":0,"8":0,"9":0,"10":0,"11":0,"12":0,"13":0,"14":0,"15":0,"16":0,"17":0,"18":0,"19":0,"20":0,"21":0,"22":0,"23":0,"24":0,"25":0,"26":0,"27":0,"28":0,"29":0,"30":0,"31":0,"32":0,"33":0,"34":0,"35":0,"36":0,"37":0,"38":0,"39":0,"40":0,"41":0,"42":0,"43":0},"f":{"0":0,"1":0,"2":0,"3":0,"4":0,"5":0,"6":0,"7":0,"8":0,"9":0,"10":0},"b":{"0":[0,0],"1":[0,0],"2":[0,0],"3":[0,0],"4":[0,0],"5":[0,0],"6":[0,0],"7":[0,0],"8":[0,0],"9":[0,0],"10":[0,0],"11":[0,0],"12":[0,0],"13":[0,0],"14":[0,0],"15":[0,0]},"_coverageSchema":"1a1c01bbd47fc00a2c39e90264f33305004495a9","hash":"54825df90ee344d9dad116fd5261003834280043"}
,"/Users/kevin/projects/spot/src/services/syncService.ts": {"path":"/Users/kevin/projects/spot/src/services/syncService.ts","statementMap":{"0":{"start":{"line":17,"column":2},"end":{"line":17,"column":24}},"1":{"start":{"line":17,"column":17},"end":{"line":17,"column":24}},"2":{"start":{"line":19,"column":45},"end":{"line":22,"column":4}},"3":{"start":{"line":24,"column":21},"end":{"line":24,"column":48}},"4":{"start":{"line":25,"column":26},"end":{"line":25,"column":28}},"5":{"start":{"line":27,"column":2},"end":{"line":50,"column":3}},"6":{"start":{"line":29,"column":4},"end":{"line":29,"column":41}},"7":{"start":{"line":29,"column":32},"end":{"line":29,"column":41}},"8":{"start":{"line":31,"column":4},"end":{"line":49,"column":5}},"9":{"start":{"line":33,"column":6},"end":{"line":35,"column":7}},"10":{"start":{"line":34,"column":8},"end":{"line":34,"column":53}},"11":{"start":{"line":38,"column":6},"end":{"line":45,"column":9}},"12":{"start":{"line":47,"column":6},"end":{"line":47,"column":68}},"13":{"start":{"line":48,"column":6},"end":{"line":48,"column":77}},"14":{"start":{"line":52,"column":2},"end":{"line":54,"column":3}},"15":{"start":{"line":53,"column":4},"end":{"line":53,"column":98}},"16":{"start":{"line":63,"column":2},"end":{"line":63,"column":24}},"17":{"start":{"line":63,"column":17},"end":{"line":63,"column":24}},"18":{"start":{"line":66,"column":29},"end":{"line":66,"column":60}},"19":{"start":{"line":67,"column":2},"end":{"line":74,"column":3}},"20":{"start":{"line":68,"column":4},"end":{"line":73,"column":5}},"21":{"start":{"line":69,"column":6},"end":{"line":69,"column":49}},"22":{"start":{"line":70,"column":6},"end":{"line":70,"column":37}},"23":{"start":{"line":72,"column":6},"end":{"line":72,"column":66}},"24":{"start":{"line":76,"column":22},"end":{"line":76,"column":57}},"25":{"start":{"line":77,"column":23},"end":{"line":77,"column":63}},"26":{"start":{"line":78,"column":20},"end":{"line":78,"column":63}},"27":{"start":{"line":78,"column":52},"end":{"line":78,"column":61}},"28":{"start":{"line":80,"column":2},"end":{"line":122,"column":3}},"29":{"start":{"line":81,"column":19},"end":{"line":81,"column":42}},"30":{"start":{"line":83,"column":4},"end":{"line":121,"column":5}},"31":{"start":{"line":85,"column":6},"end":{"line":94,"column":7}},"32":{"start":{"line":86,"column":22},"end":{"line":86,"column":76}},"33":{"start":{"line":87,"column":8},"end":{"line":93,"column":9}},"34":{"start":{"line":88,"column":10},"end":{"line":92,"column":11}},"35":{"start":{"line":89,"column":12},"end":{"line":89,"column":58}},"36":{"start":{"line":91,"column":12},"end":{"line":91,"column":72}},"37":{"start":{"line":96,"column":54},"end":{"line":103,"column":7}},"38":{"start":{"line":105,"column":6},"end":{"line":109,"column":7}},"39":{"start":{"line":106,"column":8},"end":{"line":106,"column":52}},"40":{"start":{"line":108,"column":8},"end":{"line":108,"column":68}},"41":{"start":{"line":112,"column":26},"end":{"line":112,"column":62}},"42":{"start":{"line":113,"column":26},"end":{"line":113,"column":88}},"43":{"start":{"line":114,"column":6},"end":{"line":120,"column":7}},"44":{"start":{"line":115,"column":8},"end":{"line":119,"column":9}},"45":{"start":{"line":116,"column":10},"end":{"line":116,"column":106}},"46":{"start":{"line":118,"column":10},"end":{"line":118,"column":69}}},"fnMap":{"0":{"name":"pullFromRemote","decl":{"start":{"line":16,"column":22},"end":{"line":16,"column":36}},"loc":{"start":{"line":16,"column":87},"end":{"line":55,"column":1}},"line":16},"1":{"name":"pushToRemote","decl":{"start":{"line":62,"column":22},"end":{"line":62,"column":34}},"loc":{"start":{"line":62,"column":85},"end":{"line":123,"column":1}},"line":62},"2":{"name":"(anonymous_2)","decl":{"start":{"line":78,"column":45},"end":{"line":78,"column":46}},"loc":{"start":{"line":78,"column":52},"end":{"line":78,"column":61}},"line":78}},"branchMap":{"0":{"loc":{"start":{"line":17,"column":2},"end":{"line":17,"column":24}},"type":"if","locations":[{"start":{"line":17,"column":2},"end":{"line":17,"column":24}},{"start":{},"end":{}}],"line":17},"1":{"loc":{"start":{"line":29,"column":4},"end":{"line":29,"column":41}},"type":"if","locations":[{"start":{"line":29,"column":4},"end":{"line":29,"column":41}},{"start":{},"end":{}}],"line":29},"2":{"loc":{"start":{"line":33,"column":6},"end":{"line":35,"column":7}},"type":"if","locations":[{"start":{"line":33,"column":6},"end":{"line":35,"column":7}},{"start":{},"end":{}}],"line":33},"3":{"loc":{"start":{"line":48,"column":18},"end":{"line":48,"column":75}},"type":"cond-expr","locations":[{"start":{"line":48,"column":43},"end":{"line":48,"column":48}},{"start":{"line":48,"column":51},"end":{"line":48,"column":75}}],"line":48},"4":{"loc":{"start":{"line":52,"column":2},"end":{"line":54,"column":3}},"type":"if","locations":[{"start":{"line":52,"column":2},"end":{"line":54,"column":3}},{"start":{},"end":{}}],"line":52},"5":{"loc":{"start":{"line":63,"column":2},"end":{"line":63,"column":24}},"type":"if","locations":[{"start":{"line":63,"column":2},"end":{"line":63,"column":24}},{"start":{},"end":{}}],"line":63},"6":{"loc":{"start":{"line":83,"column":4},"end":{"line":121,"column":5}},"type":"if","locations":[{"start":{"line":83,"column":4},"end":{"line":121,"column":5}},{"start":{"line":110,"column":11},"end":{"line":121,"column":5}}],"line":83},"7":{"loc":{"start":{"line":85,"column":6},"end":{"line":94,"column":7}},"type":"if","locations":[{"start":{"line":85,"column":6},"end":{"line":94,"column":7}},{"start":{},"end":{}}],"line":85},"8":{"loc":{"start":{"line":87,"column":8},"end":{"line":93,"column":9}},"type":"if","locations":[{"start":{"line":87,"column":8},"end":{"line":93,"column":9}},{"start":{},"end":{}}],"line":87},"9":{"loc":{"start":{"line":113,"column":27},"end":{"line":113,"column":53}},"type":"binary-expr","locations":[{"start":{"line":113,"column":27},"end":{"line":113,"column":45}},{"start":{"line":113,"column":49},"end":{"line":113,"column":53}}],"line":113},"10":{"loc":{"start":{"line":113,"column":60},"end":{"line":113,"column":87}},"type":"binary-expr","locations":[{"start":{"line":113,"column":60},"end":{"line":113,"column":79}},{"start":{"line":113,"column":83},"end":{"line":113,"column":87}}],"line":113},"11":{"loc":{"start":{"line":114,"column":6},"end":{"line":120,"column":7}},"type":"if","locations":[{"start":{"line":114,"column":6},"end":{"line":120,"column":7}},{"start":{},"end":{}}],"line":114},"12":{"loc":{"start":{"line":114,"column":10},"end":{"line":114,"column":36}},"type":"binary-expr","locations":[{"start":{"line":114,"column":10},"end":{"line":114,"column":21}},{"start":{"line":114,"column":25},"end":{"line":114,"column":36}}],"line":114},"13":{"loc":{"start":{"line":116,"column":63},"end":{"line":116,"column":84}},"type":"binary-expr","locations":[{"start":{"line":116,"column":63},"end":{"line":116,"column":78}},{"start":{"line":116,"column":82},"end":{"line":116,"column":84}}],"line":116}},"s":{"0":11,"1":1,"2":10,"3":8,"4":8,"5":8,"6":11,"7":2,"8":9,"9":9,"10":4,"11":9,"12":1,"13":1,"14":8,"15":1,"16":17,"17":1,"18":16,"19":16,"20":5,"21":5,"22":3,"23":2,"24":16,"25":15,"26":14,"27":7,"28":14,"29":13,"30":13,"31":6,"32":5,"33":5,"34":2,"35":2,"36":1,"37":6,"38":6,"39":6,"40":1,"41":7,"42":7,"43":7,"44":5,"45":5,"46":1},"f":{"0":11,"1":17,"2":7},"b":{"0":[1,10],"1":[2,9],"2":[4,5],"3":[1,0],"4":[1,7],"5":[1,16],"6":[6,7],"7":[5,1],"8":[2,3],"9":[7,1],"10":[7,1],"11":[5,2],"12":[7,3],"13":[5,0]},"_coverageSchema":"1a1c01bbd47fc00a2c39e90264f33305004495a9","hash":"a2fd055b4a62fb52de857e3f54befe38a2218edd"}
,"/Users/kevin/projects/spot/src/theme/typography.ts": {"path":"/Users/kevin/projects/spot/src/theme/typography.ts","statementMap":{"0":{"start":{"line":3,"column":30},"end":{"line":54,"column":1}}},"fnMap":{},"branchMap":{},"s":{"0":1},"f":{},"b":{},"_coverageSchema":"1a1c01bbd47fc00a2c39e90264f33305004495a9","hash":"c16b37e02e9256daa056f564cb63e62695b89642"}
,"/Users/kevin/projects/spot/src/utils/rateLimiter.ts": {"path":"/Users/kevin/projects/spot/src/utils/rateLimiter.ts","statementMap":{"0":{"start":{"line":6,"column":33},"end":{"line":6,"column":35}},"1":{"start":{"line":18,"column":16},"end":{"line":18,"column":26}},"2":{"start":{"line":19,"column":24},"end":{"line":19,"column":43}},"3":{"start":{"line":22,"column":4},"end":{"line":22,"column":69}},"4":{"start":{"line":22,"column":52},"end":{"line":22,"column":67}},"5":{"start":{"line":24,"column":4},"end":{"line":26,"column":5}},"6":{"start":{"line":25,"column":6},"end":{"line":25,"column":19}},"7":{"start":{"line":28,"column":4},"end":{"line":28,"column":30}},"8":{"start":{"line":29,"column":4},"end":{"line":29,"column":16}}},"fnMap":{"0":{"name":"(anonymous_0)","decl":{"start":{"line":8,"column":2},"end":{"line":8,"column":3}},"loc":{"start":{"line":11,"column":4},"end":{"line":11,"column":6}},"line":11},"1":{"name":"(anonymous_1)","decl":{"start":{"line":17,"column":2},"end":{"line":17,"column":3}},"loc":{"start":{"line":17,"column":24},"end":{"line":30,"column":3}},"line":17},"2":{"name":"(anonymous_2)","decl":{"start":{"line":22,"column":45},"end":{"line":22,"column":46}},"loc":{"start":{"line":22,"column":52},"end":{"line":22,"column":67}},"line":22}},"branchMap":{"0":{"loc":{"start":{"line":24,"column":4},"end":{"line":26,"column":5}},"type":"if","locations":[{"start":{"line":24,"column":4},"end":{"line":26,"column":5}},{"start":{},"end":{}}],"line":24}},"s":{"0":16,"1":156,"2":156,"3":156,"4":266,"5":156,"6":119,"7":37,"8":37},"f":{"0":16,"1":156,"2":266},"b":{"0":[119,37]},"_coverageSchema":"1a1c01bbd47fc00a2c39e90264f33305004495a9","hash":"ac2a12f35adcc4961a797aa4a304c4be37060421"}
,"/Users/kevin/projects/spot/src/utils/relativeDate.ts": {"path":"/Users/kevin/projects/spot/src/utils/relativeDate.ts","statementMap":{"0":{"start":{"line":1,"column":15},"end":{"line":1,"column":17}},"1":{"start":{"line":2,"column":13},"end":{"line":2,"column":17}},"2":{"start":{"line":3,"column":12},"end":{"line":3,"column":17}},"3":{"start":{"line":4,"column":13},"end":{"line":4,"column":19}},"4":{"start":{"line":5,"column":14},"end":{"line":5,"column":21}},"5":{"start":{"line":6,"column":13},"end":{"line":6,"column":21}},"6":{"start":{"line":9,"column":14},"end":{"line":9,"column":24}},"7":{"start":{"line":10,"column":15},"end":{"line":10,"column":45}},"8":{"start":{"line":11,"column":18},"end":{"line":11,"column":49}},"9":{"start":{"line":13,"column":2},"end":{"line":13,"column":42}},"10":{"start":{"line":13,"column":24},"end":{"line":13,"column":42}},"11":{"start":{"line":14,"column":2},"end":{"line":17,"column":3}},"12":{"start":{"line":15,"column":14},"end":{"line":15,"column":42}},"13":{"start":{"line":16,"column":4},"end":{"line":16,"column":57}},"14":{"start":{"line":18,"column":2},"end":{"line":21,"column":3}},"15":{"start":{"line":19,"column":14},"end":{"line":19,"column":40}},"16":{"start":{"line":20,"column":4},"end":{"line":20,"column":53}},"17":{"start":{"line":22,"column":2},"end":{"line":26,"column":3}},"18":{"start":{"line":23,"column":14},"end":{"line":23,"column":39}},"19":{"start":{"line":24,"column":4},"end":{"line":24,"column":36}},"20":{"start":{"line":24,"column":17},"end":{"line":24,"column":36}},"21":{"start":{"line":25,"column":4},"end":{"line":25,"column":27}},"22":{"start":{"line":27,"column":2},"end":{"line":30,"column":3}},"23":{"start":{"line":28,"column":14},"end":{"line":28,"column":40}},"24":{"start":{"line":29,"column":4},"end":{"line":29,"column":53}},"25":{"start":{"line":31,"column":2},"end":{"line":34,"column":3}},"26":{"start":{"line":32,"column":14},"end":{"line":32,"column":41}},"27":{"start":{"line":33,"column":4},"end":{"line":33,"column":55}},"28":{"start":{"line":35,"column":12},"end":{"line":35,"column":38}},"29":{"start":{"line":36,"column":2},"end":{"line":36,"column":51}}},"fnMap":{"0":{"name":"relativeDate","decl":{"start":{"line":8,"column":16},"end":{"line":8,"column":28}},"loc":{"start":{"line":8,"column":57},"end":{"line":37,"column":1}},"line":8}},"branchMap":{"0":{"loc":{"start":{"line":13,"column":2},"end":{"line":13,"column":42}},"type":"if","locations":[{"start":{"line":13,"column":2},"end":{"line":13,"column":42}},{"start":{},"end":{}}],"line":13},"1":{"loc":{"start":{"line":14,"column":2},"end":{"line":17,"column":3}},"type":"if","locations":[{"start":{"line":14,"column":2},"end":{"line":17,"column":3}},{"start":{},"end":{}}],"line":14},"2":{"loc":{"start":{"line":16,"column":11},"end":{"line":16,"column":56}},"type":"cond-expr","locations":[{"start":{"line":16,"column":21},"end":{"line":16,"column":35}},{"start":{"line":16,"column":38},"end":{"line":16,"column":56}}],"line":16},"3":{"loc":{"start":{"line":18,"column":2},"end":{"line":21,"column":3}},"type":"if","locations":[{"start":{"line":18,"column":2},"end":{"line":21,"column":3}},{"start":{},"end":{}}],"line":18},"4":{"loc":{"start":{"line":20,"column":11},"end":{"line":20,"column":52}},"type":"cond-expr","locations":[{"start":{"line":20,"column":21},"end":{"line":20,"column":33}},{"start":{"line":20,"column":36},"end":{"line":20,"column":52}}],"line":20},"5":{"loc":{"start":{"line":22,"column":2},"end":{"line":26,"column":3}},"type":"if","locations":[{"start":{"line":22,"column":2},"end":{"line":26,"column":3}},{"start":{},"end":{}}],"line":22},"6":{"loc":{"start":{"line":24,"column":4},"end":{"line":24,"column":36}},"type":"if","locations":[{"start":{"line":24,"column":4},"end":{"line":24,"column":36}},{"start":{},"end":{}}],"line":24},"7":{"loc":{"start":{"line":27,"column":2},"end":{"line":30,"column":3}},"type":"if","locations":[{"start":{"line":27,"column":2},"end":{"line":30,"column":3}},{"start":{},"end":{}}],"line":27},"8":{"loc":{"start":{"line":29,"column":11},"end":{"line":29,"column":52}},"type":"cond-expr","locations":[{"start":{"line":29,"column":21},"end":{"line":29,"column":33}},{"start":{"line":29,"column":36},"end":{"line":29,"column":52}}],"line":29},"9":{"loc":{"start":{"line":31,"column":2},"end":{"line":34,"column":3}},"type":"if","locations":[{"start":{"line":31,"column":2},"end":{"line":34,"column":3}},{"start":{},"end":{}}],"line":31},"10":{"loc":{"start":{"line":33,"column":11},"end":{"line":33,"column":54}},"type":"cond-expr","locations":[{"start":{"line":33,"column":21},"end":{"line":33,"column":34}},{"start":{"line":33,"column":37},"end":{"line":33,"column":54}}],"line":33},"11":{"loc":{"start":{"line":36,"column":9},"end":{"line":36,"column":50}},"type":"cond-expr","locations":[{"start":{"line":36,"column":19},"end":{"line":36,"column":31}},{"start":{"line":36,"column":34},"end":{"line":36,"column":50}}],"line":36}},"s":{"0":1,"1":1,"2":1,"3":1,"4":1,"5":1,"6":40,"7":40,"8":40,"9":40,"10":5,"11":35,"12":7,"13":7,"14":28,"15":7,"16":7,"17":21,"18":6,"19":6,"20":3,"21":3,"22":15,"23":5,"24":5,"25":10,"26":5,"27":5,"28":5,"29":5},"f":{"0":40},"b":{"0":[5,35],"1":[7,28],"2":[4,3],"3":[7,21],"4":[3,4],"5":[6,15],"6":[3,3],"7":[5,10],"8":[2,3],"9":[5,5],"10":[2,3],"11":[2,3]},"_coverageSchema":"1a1c01bbd47fc00a2c39e90264f33305004495a9","hash":"3f4d96fc19d45054ead6f37ad936107825806aed"}
}
