TN:
SF:src/db/database.ts
FN:35,getDatabase
FN:58,upsertLocalPlaceCache
FN:96,insertLocalSavedPlace
FN:114,deleteLocalSavedPlace
FN:119,markPendingDeletion
FN:126,clearPendingDeletion
FN:131,fetchPendingDeletionIds
FN:136,(anonymous_7)
FN:139,updateLocalSavedPlaceNote
FN:158,fetchLocalSavedPlaces
FN:175,isDuplicatePlace
FN:187,fetchLocalPlaceIds
FN:193,(anonymous_12)
FN:196,getLocalSavedPlaceForSync
FN:218,getLocalPlaceCacheForSync
FN:231,upsertLocalSavedPlace
FN:260,useDatabaseReady
FN:264,DatabaseProvider
FN:269,(anonymous_18)
FN:287,(anonymous_19)
FNF:20
FNH:0
FNDA:0,getDatabase
FNDA:0,upsertLocalPlaceCache
FNDA:0,insertLocalSavedPlace
FNDA:0,deleteLocalSavedPlace
FNDA:0,markPendingDeletion
FNDA:0,clearPendingDeletion
FNDA:0,fetchPendingDeletionIds
FNDA:0,(anonymous_7)
FNDA:0,updateLocalSavedPlaceNote
FNDA:0,fetchLocalSavedPlaces
FNDA:0,isDuplicatePlace
FNDA:0,fetchLocalPlaceIds
FNDA:0,(anonymous_12)
FNDA:0,getLocalSavedPlaceForSync
FNDA:0,getLocalPlaceCacheForSync
FNDA:0,upsertLocalSavedPlace
FNDA:0,useDatabaseReady
FNDA:0,DatabaseProvider
FNDA:0,(anonymous_18)
FNDA:0,(anonymous_19)
DA:31,1
DA:33,1
DA:36,0
DA:37,0
DA:38,0
DA:39,0
DA:40,0
DA:41,0
DA:42,0
DA:44,0
DA:45,0
DA:47,0
DA:48,0
DA:50,0
DA:51,0
DA:53,0
DA:61,0
DA:62,0
DA:99,0
DA:100,0
DA:115,0
DA:116,0
DA:120,0
DA:121,0
DA:127,0
DA:128,0
DA:132,0
DA:133,0
DA:136,0
DA:144,0
DA:145,0
DA:146,0
DA:151,0
DA:161,0
DA:162,0
DA:172,0
DA:179,0
DA:180,0
DA:184,0
DA:188,0
DA:189,0
DA:193,0
DA:203,0
DA:204,0
DA:215,0
DA:221,0
DA:222,0
DA:226,0
DA:234,0
DA:235,0
DA:258,1
DA:261,0
DA:265,0
DA:266,0
DA:267,0
DA:269,0
DA:270,0
DA:271,0
DA:272,0
DA:274,0
DA:275,0
DA:276,0
DA:278,0
DA:279,0
DA:283,0
DA:287,0
DA:288,0
DA:291,0
DA:293,0
DA:294,0
DA:336,0
DA:343,1
LF:72
LH:4
BRDA:36,0,0,0
BRDA:36,0,1,0
BRDA:89,1,0,0
BRDA:89,1,1,0
BRDA:90,2,0,0
BRDA:90,2,1,0
BRDA:91,3,0,0
BRDA:91,3,1,0
BRDA:145,4,0,0
BRDA:145,4,1,0
BRDA:184,5,0,0
BRDA:184,5,1,0
BRDA:215,6,0,0
BRDA:215,6,1,0
BRDA:226,7,0,0
BRDA:226,7,1,0
BRDA:280,8,0,0
BRDA:280,8,1,0
BRDA:293,9,0,0
BRDA:293,9,1,0
BRDA:325,10,0,0
BRDA:325,10,1,0
BRF:22
BRH:0
end_of_record
TN:
SF:src/db/schema.ts
FNF:0
FNH:0
DA:1,1
DA:16,1
DA:28,1
DA:32,1
DA:36,1
DA:40,1
DA:44,1
DA:48,1
LF:8
LH:8
BRF:0
BRH:0
end_of_record
TN:
SF:src/services/supabaseService.ts
FN:11,getCurrentSession
FN:22,signInWithGoogle
FN:35,signOut
FN:43,softDeleteAccount
FN:49,cancelDeleteAccount
FN:54,getUserProfile
FN:69,fetchSavedPlaces
FN:78,uploadSavedPlace
FN:83,updateSavedPlaceNote
FN:95,deleteSavedPlace
FN:105,upsertPlaceCache
FNF:11
FNH:0
FNDA:0,getCurrentSession
FNDA:0,signInWithGoogle
FNDA:0,signOut
FNDA:0,softDeleteAccount
FNDA:0,cancelDeleteAccount
FNDA:0,getUserProfile
FNDA:0,fetchSavedPlaces
FNDA:0,uploadSavedPlace
FNDA:0,updateSavedPlaceNote
FNDA:0,deleteSavedPlace
FNDA:0,upsertPlaceCache
DA:12,0
DA:13,0
DA:14,0
DA:15,0
DA:26,0
DA:31,0
DA:32,0
DA:38,0
DA:44,0
DA:45,0
DA:46,0
DA:50,0
DA:51,0
DA:55,0
DA:56,0
DA:57,0
DA:58,0
DA:63,0
DA:64,0
DA:70,0
DA:74,0
DA:75,0
DA:79,0
DA:80,0
DA:84,0
DA:85,0
DA:86,0
DA:88,0
DA:92,0
DA:96,0
DA:100,0
DA:106,0
DA:107,0
LF:33
LH:0
BRDA:13,0,0,0
BRDA:13,0,1,0
BRDA:13,1,0,0
BRDA:13,1,1,0
BRDA:17,2,0,0
BRDA:17,2,1,0
BRDA:18,3,0,0
BRDA:18,3,1,0
BRDA:31,4,0,0
BRDA:31,4,1,0
BRDA:45,5,0,0
BRDA:45,5,1,0
BRDA:51,6,0,0
BRDA:51,6,1,0
BRDA:56,7,0,0
BRDA:56,7,1,0
BRDA:63,8,0,0
BRDA:63,8,1,0
BRDA:74,9,0,0
BRDA:74,9,1,0
BRDA:75,10,0,0
BRDA:75,10,1,0
BRDA:80,11,0,0
BRDA:80,11,1,0
BRDA:85,12,0,0
BRDA:85,12,1,0
BRDA:92,13,0,0
BRDA:92,13,1,0
BRDA:100,14,0,0
BRDA:100,14,1,0
BRDA:107,15,0,0
BRDA:107,15,1,0
BRF:32
BRH:0
end_of_record
TN:
SF:src/services/syncService.ts
FN:16,pullFromRemote
FN:62,pushToRemote
FN:78,(anonymous_2)
FNF:3
FNH:3
FNDA:11,pullFromRemote
FNDA:17,pushToRemote
FNDA:7,(anonymous_2)
DA:17,11
DA:19,10
DA:24,8
DA:25,8
DA:27,8
DA:29,11
DA:31,9
DA:33,9
DA:34,4
DA:38,9
DA:47,1
DA:48,1
DA:52,8
DA:53,1
DA:63,17
DA:66,16
DA:67,16
DA:68,5
DA:69,5
DA:70,3
DA:72,2
DA:76,16
DA:77,15
DA:78,14
DA:80,14
DA:81,13
DA:83,13
DA:85,6
DA:86,5
DA:87,5
DA:88,2
DA:89,2
DA:91,1
DA:96,6
DA:105,6
DA:106,6
DA:108,1
DA:112,7
DA:113,7
DA:114,7
DA:115,5
DA:116,5
DA:118,1
LF:43
LH:43
BRDA:17,0,0,1
BRDA:17,0,1,10
BRDA:29,1,0,2
BRDA:29,1,1,9
BRDA:33,2,0,4
BRDA:33,2,1,5
BRDA:48,3,0,1
BRDA:48,3,1,0
BRDA:52,4,0,1
BRDA:52,4,1,7
BRDA:63,5,0,1
BRDA:63,5,1,16
BRDA:83,6,0,6
BRDA:83,6,1,7
BRDA:85,7,0,5
BRDA:85,7,1,1
BRDA:87,8,0,2
BRDA:87,8,1,3
BRDA:113,9,0,7
BRDA:113,9,1,1
BRDA:113,10,0,7
BRDA:113,10,1,1
BRDA:114,11,0,5
BRDA:114,11,1,2
BRDA:114,12,0,7
BRDA:114,12,1,3
BRDA:116,13,0,5
BRDA:116,13,1,0
BRF:28
BRH:26
end_of_record
TN:
SF:src/theme/typography.ts
FNF:0
FNH:0
DA:3,1
LF:1
LH:1
BRF:0
BRH:0
end_of_record
TN:
SF:src/utils/rateLimiter.ts
FN:8,(anonymous_0)
FN:17,(anonymous_1)
FN:22,(anonymous_2)
FNF:3
FNH:3
FNDA:16,(anonymous_0)
FNDA:156,(anonymous_1)
FNDA:266,(anonymous_2)
DA:6,16
DA:18,156
DA:19,156
DA:22,266
DA:24,156
DA:25,119
DA:28,37
DA:29,37
LF:8
LH:8
BRDA:24,0,0,119
BRDA:24,0,1,37
BRF:2
BRH:2
end_of_record
TN:
SF:src/utils/relativeDate.ts
FN:8,relativeDate
FNF:1
FNH:1
FNDA:40,relativeDate
DA:1,1
DA:2,1
DA:3,1
DA:4,1
DA:5,1
DA:6,1
DA:9,40
DA:10,40
DA:11,40
DA:13,40
DA:14,35
DA:15,7
DA:16,7
DA:18,28
DA:19,7
DA:20,7
DA:22,21
DA:23,6
DA:24,6
DA:25,3
DA:27,15
DA:28,5
DA:29,5
DA:31,10
DA:32,5
DA:33,5
DA:35,5
DA:36,5
LF:28
LH:28
BRDA:13,0,0,5
BRDA:13,0,1,35
BRDA:14,1,0,7
BRDA:14,1,1,28
BRDA:16,2,0,4
BRDA:16,2,1,3
BRDA:18,3,0,7
BRDA:18,3,1,21
BRDA:20,4,0,3
BRDA:20,4,1,4
BRDA:22,5,0,6
BRDA:22,5,1,15
BRDA:24,6,0,3
BRDA:24,6,1,3
BRDA:27,7,0,5
BRDA:27,7,1,10
BRDA:29,8,0,2
BRDA:29,8,1,3
BRDA:31,9,0,5
BRDA:31,9,1,5
BRDA:33,10,0,2
BRDA:33,10,1,3
BRDA:36,11,0,2
BRDA:36,11,1,3
BRF:24
BRH:24
end_of_record
